<?xml version="1.0" encoding="UTF-8"?>
<testsuite name="TreeTest" tests="1" skipped="0" failures="0" errors="0" timestamp="2021-04-02T18:49:27" hostname="Jeffreys-MacBook-Air.local" time="0.003">
  <properties/>
  <testcase name="treeTest" classname="TreeTest" time="0.003"/>
  <system-out><![CDATA[]]></system-out>
  <system-err><![CDATA[]]></system-err>
</testsuite>
